<?xml version="1.0" encoding="UTF-8"?>
<!-- Generated by org.testng.reporters.JUnitReportReporter -->
<testsuite hostname="LAPTOP-PB1GCO03" failures="0" tests="3" name="com.crm.qa.testcases.LoginPageTest" time="58.452" errors="0" timestamp="2022-10-22T22:56:27 EDT" skipped="0">
  <testcase classname="com.crm.qa.testcases.LoginPageTest" name="loginPageTitleTest" time="38.940"/>
  <testcase classname="com.crm.qa.testcases.LoginPageTest" name="crmlogoImageTest" time="9.971"/>
  <testcase classname="com.crm.qa.testcases.LoginPageTest" name="loginTest" time="9.541"/>
</testsuite> <!-- com.crm.qa.testcases.LoginPageTest -->
