<?xml version="1.0" encoding="UTF-8"?>
<!-- Generated by org.testng.reporters.JUnitReportReporter -->
<testsuite hostname="LAPTOP-PB1GCO03" failures="0" tests="5" name="com.crm.qa.testcases.ContactsPageTest" time="65.441" errors="0" timestamp="2022-10-18T20:23:05 EDT" skipped="0">
  <testcase classname="com.crm.qa.testcases.ContactsPageTest" name="verifyContactsPageLabel" time="10.805"/>
  <testcase classname="com.crm.qa.testcases.ContactsPageTest" name="selectContactsTest" time="11.972"/>
  <testcase classname="com.crm.qa.testcases.ContactsPageTest" name="validatecreateNewContact" time="13.592"/>
  <testcase classname="com.crm.qa.testcases.ContactsPageTest" name="validatecreateNewContact" time="15.208"/>
  <testcase classname="com.crm.qa.testcases.ContactsPageTest" name="validatecreateNewContact" time="13.864"/>
</testsuite> <!-- com.crm.qa.testcases.ContactsPageTest -->
