<?xml version="1.0" encoding="UTF-8"?>
<!-- Generated by org.testng.reporters.JUnitReportReporter -->
<testsuite hostname="LAPTOP-PB1GCO03" failures="0" tests="4" name="com.crm.qa.testcases.HomepageTest" time="43.612" errors="0" timestamp="2023-03-24T23:22:46 EDT" skipped="0">
  <testcase classname="com.crm.qa.testcases.HomepageTest" name="verifyHomePageTitleTest" time="8.810"/>
  <testcase classname="com.crm.qa.testcases.HomepageTest" name="verifyUserNameTest" time="10.197"/>
  <testcase classname="com.crm.qa.testcases.HomepageTest" name="verifyContactsLink" time="12.767"/>
  <testcase classname="com.crm.qa.testcases.HomepageTest" name="verifyDealsLink" time="11.838"/>
</testsuite> <!-- com.crm.qa.testcases.HomepageTest -->
