<?xml version="1.0" encoding="UTF-8"?>
<!-- Generated by org.testng.reporters.JUnitReportReporter -->
<testsuite hostname="LAPTOP-PB1GCO03" failures="0" tests="4" name="com.crm.qa.testcases.HomepageTest" time="56.430" errors="0" timestamp="2022-10-22T22:56:27 EDT" skipped="0">
  <testcase classname="com.crm.qa.testcases.HomepageTest" name="verifyHomePageTitleTest" time="11.209"/>
  <testcase classname="com.crm.qa.testcases.HomepageTest" name="verifyUserNameTest" time="13.155"/>
  <testcase classname="com.crm.qa.testcases.HomepageTest" name="verifyContactsLink" time="16.369"/>
  <testcase classname="com.crm.qa.testcases.HomepageTest" name="verifyDealsLink" time="15.697"/>
</testsuite> <!-- com.crm.qa.testcases.HomepageTest -->
