<?xml version="1.0" encoding="UTF-8"?>
<!-- Generated by org.testng.reporters.JUnitReportReporter -->
<testsuite hostname="LAPTOP-PB1GCO03" failures="0" tests="1" name="com.crm.qa.testcases.DealsPageTest" time="11.504" errors="0" timestamp="2022-10-18T20:23:05 EDT" skipped="0">
  <testcase classname="com.crm.qa.testcases.DealsPageTest" name="verifyDealsPageLabel" time="11.504"/>
</testsuite> <!-- com.crm.qa.testcases.DealsPageTest -->
