<?xml version="1.0" encoding="UTF-8"?>
<!-- Generated by org.testng.reporters.JUnitReportReporter -->
<testsuite hostname="LAPTOP-PB1GCO03" failures="0" tests="3" name="com.crm.qa.testcases.LoginPageTest" time="22.386" errors="0" timestamp="2023-03-24T23:22:46 EDT" skipped="0">
  <testcase classname="com.crm.qa.testcases.LoginPageTest" name="loginPageTitleTest" time="8.200"/>
  <testcase classname="com.crm.qa.testcases.LoginPageTest" name="crmlogoImageTest" time="7.121"/>
  <testcase classname="com.crm.qa.testcases.LoginPageTest" name="loginTest" time="7.065"/>
</testsuite> <!-- com.crm.qa.testcases.LoginPageTest -->
