<?xml version="1.0" encoding="UTF-8"?>
<!-- Generated by org.testng.reporters.JUnitReportReporter -->
<testsuite hostname="LAPTOP-PB1GCO03" failures="0" tests="5" name="com.crm.qa.testcases.ContactsPageTest" time="99.459" errors="0" timestamp="2022-10-22T22:56:27 EDT" skipped="0">
  <testcase classname="com.crm.qa.testcases.ContactsPageTest" name="verifyContactsPageLabel" time="15.753"/>
  <testcase classname="com.crm.qa.testcases.ContactsPageTest" name="selectContactsTest" time="20.230"/>
  <testcase classname="com.crm.qa.testcases.ContactsPageTest" name="validatecreateNewContact" time="20.453"/>
  <testcase classname="com.crm.qa.testcases.ContactsPageTest" name="validatecreateNewContact" time="21.458"/>
  <testcase classname="com.crm.qa.testcases.ContactsPageTest" name="validatecreateNewContact" time="21.565"/>
</testsuite> <!-- com.crm.qa.testcases.ContactsPageTest -->
