<?xml version="1.0" encoding="UTF-8"?>
<!-- Generated by org.testng.reporters.JUnitReportReporter -->
<testsuite hostname="LAPTOP-PB1GCO03" failures="0" tests="4" name="com.crm.qa.testcases.HomepageTest" time="40.495" errors="0" timestamp="2022-10-18T20:23:05 EDT" skipped="0">
  <testcase classname="com.crm.qa.testcases.HomepageTest" name="verifyHomePageTitleTest" time="8.259"/>
  <testcase classname="com.crm.qa.testcases.HomepageTest" name="verifyUserNameTest" time="9.381"/>
  <testcase classname="com.crm.qa.testcases.HomepageTest" name="verifyContactsLink" time="11.546"/>
  <testcase classname="com.crm.qa.testcases.HomepageTest" name="verifyDealsLink" time="11.309"/>
</testsuite> <!-- com.crm.qa.testcases.HomepageTest -->
