<?xml version="1.0" encoding="UTF-8"?>
<!-- Generated by org.testng.reporters.JUnitReportReporter -->
<testsuite hostname="LAPTOP-PB1GCO03" failures="0" tests="3" name="com.crm.qa.testcases.LoginPageTest" time="20.450" errors="0" timestamp="2022-10-18T20:23:05 EDT" skipped="0">
  <testcase classname="com.crm.qa.testcases.LoginPageTest" name="loginPageTitleTest" time="6.717"/>
  <testcase classname="com.crm.qa.testcases.LoginPageTest" name="crmlogoImageTest" time="6.084"/>
  <testcase classname="com.crm.qa.testcases.LoginPageTest" name="loginTest" time="7.649"/>
</testsuite> <!-- com.crm.qa.testcases.LoginPageTest -->
